<?xml version="1.0" encoding="UTF-8"?>
<!-- Generated by org.testng.reporters.JUnitReportReporter -->
<testsuite hostname="DESKTOP-6F1957N" name="com.adv.qa.testcase.LoginpageTest" tests="1" failures="0" timestamp="4 Jun 2018 12:33:17 GMT" time="31.231" errors="0">
  <testcase name="logindisplay" time="31.231" classname="com.adv.qa.testcase.LoginpageTest"/>
</testsuite> <!-- com.adv.qa.testcase.LoginpageTest -->
