<?xml version="1.0" encoding="UTF-8"?>
<!-- Generated by org.testng.reporters.JUnitReportReporter -->
<testsuite hostname="DESKTOP-6F1957N" name="com.adv.qa.testcase.Homepagetest" tests="1" failures="0" timestamp="4 Jun 2018 08:57:05 GMT" time="23.300" errors="0">
  <testcase name="image" time="23.300" classname="com.adv.qa.testcase.Homepagetest"/>
</testsuite> <!-- com.adv.qa.testcase.Homepagetest -->
